{
  brand1: { name: 'Hair', id: 1 },
  brand2: { name: 'starbucks', id: 2 }
}
{
    "status": 200,
    "message": "创建/绑定品牌成功",
    "messageId": "34356be6-f6c6-4873-84c8-03eaae93c266",
    "content": {
        "commercialConfig": {
            "brandId": "123456",
            "parentId": "123457",
            "brandName": "测试公司1"
        }
    }
}

{
  brand1: { name: 'Hair', id: 1 },
  brand2: { name: 'starbucks', id: 2 }
}
{
    "status": 200,
    "message": "创建/绑定品牌成功",
    "messageId": "34356be6-f6c6-4873-84c8-03eaae93c266",
    "content": {
        "commercialConfig": {
            "brandId": "123456",
            "parentId": "123457",
            "brandName": "测试公司1"
        }
    }
}

